<?xml version="1.0" encoding="UTF-8"?>
<!-- Generated by org.testng.reporters.JUnitXMLReporter -->
<testsuite ignored="1" hostname="DESKTOP-SN0SFLR" failures="0" tests="1" name="edge-test" time="41.401" errors="0" timestamp="2025-02-12T14:11:37 GMT">
  <testcase classname="testscript.SubCategoryTest" name="verifySearchListSubCategories" time="13.335"/>
  <testcase classname="testscript.SubCategoryTest" name="verifyAddNewSubcategorywithValidDetails" time="0.0">
    <ignored/>
  </testcase> <!-- verifyAddNewSubcategorywithValidDetails -->
</testsuite> <!-- edge-test -->
