<?xml version="1.0" encoding="UTF-8"?>
<testng-results ignored="0" total="2" passed="2" failed="0" skipped="0">
  <reporter-output>
  </reporter-output>
  <suite started-at="2025-02-26T20:54:53 GMT" name="GroceryApplication" finished-at="2025-02-26T20:55:17 GMT" duration-ms="24496">
    <groups>
      <group name="smoke">
        <method signature="LoginTest.verifyUserLoginWithValidUsernameAndInvalidPassword()[pri:0, instance:testscript.LoginTest@7161d8d1]" name="verifyUserLoginWithValidUsernameAndInvalidPassword" class="testscript.LoginTest"/>
        <method signature="LoginTest.verifyUserLoginWithValidUsernameAndValidPassword()[pri:0, instance:testscript.LoginTest@7161d8d1]" name="verifyUserLoginWithValidUsernameAndValidPassword" class="testscript.LoginTest"/>
      </group> <!-- smoke -->
    </groups>
    <test started-at="2025-02-26T20:54:53 GMT" name="ChromeTest" finished-at="2025-02-26T20:55:17 GMT" duration-ms="24496">
      <class name="testscript.LoginTest">
        <test-method is-config="true" signature="initialiseBrowser(java.lang.String)[pri:0, instance:testscript.LoginTest@7161d8d1]" started-at="2025-02-26T20:54:53 GMT" name="initialiseBrowser" finished-at="2025-02-26T20:55:00 GMT" duration-ms="7538" status="PASS">
          <params>
            <param index="0">
              <value>
                <![CDATA[Chrome]]>
              </value>
            </param>
          </params>
          <reporter-output>
          </reporter-output>
        </test-method> <!-- initialiseBrowser -->
        <test-method signature="verifyUserLoginWithValidUsernameAndInvalidPassword()[pri:0, instance:testscript.LoginTest@7161d8d1]" started-at="2025-02-26T20:55:00 GMT" name="verifyUserLoginWithValidUsernameAndInvalidPassword" finished-at="2025-02-26T20:55:02 GMT" duration-ms="1726" status="PASS">
          <reporter-output>
          </reporter-output>
        </test-method> <!-- verifyUserLoginWithValidUsernameAndInvalidPassword -->
        <test-method is-config="true" signature="driverQuit(org.testng.ITestResult)[pri:0, instance:testscript.LoginTest@7161d8d1]" started-at="2025-02-26T20:55:02 GMT" name="driverQuit" finished-at="2025-02-26T20:55:02 GMT" duration-ms="7" status="PASS">
          <params>
            <param index="0">
              <value>
                <![CDATA[[TestResult name=verifyUserLoginWithValidUsernameAndInvalidPassword status=SUCCESS method=LoginTest.verifyUserLoginWithValidUsernameAndInvalidPassword()[pri:0, instance:testscript.LoginTest@7161d8d1] output={null}]]]>
              </value>
            </param>
          </params>
          <reporter-output>
          </reporter-output>
        </test-method> <!-- driverQuit -->
        <test-method is-config="true" signature="initialiseBrowser(java.lang.String)[pri:0, instance:testscript.LoginTest@7161d8d1]" started-at="2025-02-26T20:55:02 GMT" name="initialiseBrowser" finished-at="2025-02-26T20:55:11 GMT" duration-ms="9056" status="PASS">
          <params>
            <param index="0">
              <value>
                <![CDATA[Chrome]]>
              </value>
            </param>
          </params>
          <reporter-output>
          </reporter-output>
        </test-method> <!-- initialiseBrowser -->
        <test-method signature="verifyUserLoginWithValidUsernameAndValidPassword()[pri:0, instance:testscript.LoginTest@7161d8d1]" started-at="2025-02-26T20:55:11 GMT" name="verifyUserLoginWithValidUsernameAndValidPassword" finished-at="2025-02-26T20:55:17 GMT" duration-ms="6056" status="PASS">
          <reporter-output>
          </reporter-output>
        </test-method> <!-- verifyUserLoginWithValidUsernameAndValidPassword -->
        <test-method is-config="true" signature="driverQuit(org.testng.ITestResult)[pri:0, instance:testscript.LoginTest@7161d8d1]" started-at="2025-02-26T20:55:17 GMT" name="driverQuit" finished-at="2025-02-26T20:55:17 GMT" duration-ms="6" status="PASS">
          <params>
            <param index="0">
              <value>
                <![CDATA[[TestResult name=verifyUserLoginWithValidUsernameAndValidPassword status=SUCCESS method=LoginTest.verifyUserLoginWithValidUsernameAndValidPassword()[pri:0, instance:testscript.LoginTest@7161d8d1] output={null}]]]>
              </value>
            </param>
          </params>
          <reporter-output>
          </reporter-output>
        </test-method> <!-- driverQuit -->
      </class> <!-- testscript.LoginTest -->
    </test> <!-- ChromeTest -->
  </suite> <!-- GroceryApplication -->
</testng-results>
