<?xml version="1.0" encoding="UTF-8"?>
<testng-results ignored="0" total="13" passed="13" failed="0" skipped="0">
  <reporter-output>
  </reporter-output>
  <suite started-at="2025-02-19T21:28:16 GMT" name="myTestSuite" finished-at="2025-02-19T21:31:40 GMT" duration-ms="204030">
    <groups>
      <group name="smoke">
        <method signature="LoginTest.verifyUserLoginWithValidUsernameAndValidPassword()[pri:0, instance:testscript.LoginTest@5e4bd84a]" name="verifyUserLoginWithValidUsernameAndValidPassword" class="testscript.LoginTest"/>
      </group> <!-- smoke -->
    </groups>
    <test started-at="2025-02-19T21:28:16 GMT" name="myTest" finished-at="2025-02-19T21:31:40 GMT" duration-ms="204030">
      <class name="testscript.SubCategoryTest">
        <test-method is-config="true" signature="initialiseBrowser(java.lang.String)[pri:0, instance:testscript.SubCategoryTest@5a709816]" started-at="2025-02-19T21:30:32 GMT" name="initialiseBrowser" finished-at="2025-02-19T21:30:42 GMT" duration-ms="9623" status="PASS">
          <params>
            <param index="0">
              <value>
                <![CDATA[chrome]]>
              </value>
            </param>
          </params>
          <reporter-output>
          </reporter-output>
        </test-method> <!-- initialiseBrowser -->
        <test-method signature="verifyAddNewSubcategorywithValidDetails()[pri:0, instance:testscript.SubCategoryTest@5a709816]" started-at="2025-02-19T21:30:42 GMT" name="verifyAddNewSubcategorywithValidDetails" finished-at="2025-02-19T21:30:48 GMT" duration-ms="5760" status="PASS">
          <reporter-output>
          </reporter-output>
        </test-method> <!-- verifyAddNewSubcategorywithValidDetails -->
        <test-method is-config="true" signature="driverQuit(org.testng.ITestResult)[pri:0, instance:testscript.SubCategoryTest@5a709816]" started-at="2025-02-19T21:30:48 GMT" name="driverQuit" finished-at="2025-02-19T21:30:48 GMT" duration-ms="0" status="PASS">
          <params>
            <param index="0">
              <value>
                <![CDATA[[TestResult name=verifyAddNewSubcategorywithValidDetails status=SUCCESS method=SubCategoryTest.verifyAddNewSubcategorywithValidDetails()[pri:0, instance:testscript.SubCategoryTest@5a709816] output={null}]]]>
              </value>
            </param>
          </params>
          <reporter-output>
          </reporter-output>
        </test-method> <!-- driverQuit -->
        <test-method is-config="true" signature="initialiseBrowser(java.lang.String)[pri:0, instance:testscript.SubCategoryTest@5a709816]" started-at="2025-02-19T21:30:48 GMT" name="initialiseBrowser" finished-at="2025-02-19T21:30:53 GMT" duration-ms="5140" status="PASS">
          <params>
            <param index="0">
              <value>
                <![CDATA[chrome]]>
              </value>
            </param>
          </params>
          <reporter-output>
          </reporter-output>
        </test-method> <!-- initialiseBrowser -->
        <test-method signature="verifyUserCanChangeTheSubcategoryStatus()[pri:0, instance:testscript.SubCategoryTest@5a709816]" started-at="2025-02-19T21:30:53 GMT" name="verifyUserCanChangeTheSubcategoryStatus" finished-at="2025-02-19T21:30:58 GMT" duration-ms="4722" status="PASS">
          <reporter-output>
          </reporter-output>
        </test-method> <!-- verifyUserCanChangeTheSubcategoryStatus -->
        <test-method is-config="true" signature="driverQuit(org.testng.ITestResult)[pri:0, instance:testscript.SubCategoryTest@5a709816]" started-at="2025-02-19T21:30:58 GMT" name="driverQuit" finished-at="2025-02-19T21:30:58 GMT" duration-ms="4" status="PASS">
          <params>
            <param index="0">
              <value>
                <![CDATA[[TestResult name=verifyUserCanChangeTheSubcategoryStatus status=SUCCESS method=SubCategoryTest.verifyUserCanChangeTheSubcategoryStatus()[pri:0, instance:testscript.SubCategoryTest@5a709816] output={null}]]]>
              </value>
            </param>
          </params>
          <reporter-output>
          </reporter-output>
        </test-method> <!-- driverQuit -->
        <test-method is-config="true" signature="initialiseBrowser(java.lang.String)[pri:0, instance:testscript.SubCategoryTest@5a709816]" started-at="2025-02-19T21:30:58 GMT" name="initialiseBrowser" finished-at="2025-02-19T21:31:02 GMT" duration-ms="4637" status="PASS">
          <params>
            <param index="0">
              <value>
                <![CDATA[chrome]]>
              </value>
            </param>
          </params>
          <reporter-output>
          </reporter-output>
        </test-method> <!-- initialiseBrowser -->
        <test-method signature="verifyUserCanDeletSubcategory()[pri:0, instance:testscript.SubCategoryTest@5a709816]" started-at="2025-02-19T21:31:02 GMT" name="verifyUserCanDeletSubcategory" finished-at="2025-02-19T21:31:09 GMT" duration-ms="6735" status="PASS">
          <reporter-output>
          </reporter-output>
        </test-method> <!-- verifyUserCanDeletSubcategory -->
        <test-method is-config="true" signature="driverQuit(org.testng.ITestResult)[pri:0, instance:testscript.SubCategoryTest@5a709816]" started-at="2025-02-19T21:31:09 GMT" name="driverQuit" finished-at="2025-02-19T21:31:09 GMT" duration-ms="1" status="PASS">
          <params>
            <param index="0">
              <value>
                <![CDATA[[TestResult name=verifyUserCanDeletSubcategory status=SUCCESS method=SubCategoryTest.verifyUserCanDeletSubcategory()[pri:0, instance:testscript.SubCategoryTest@5a709816] output={null}]]]>
              </value>
            </param>
          </params>
          <reporter-output>
          </reporter-output>
        </test-method> <!-- driverQuit -->
        <test-method is-config="true" signature="initialiseBrowser(java.lang.String)[pri:0, instance:testscript.SubCategoryTest@5a709816]" started-at="2025-02-19T21:31:09 GMT" name="initialiseBrowser" finished-at="2025-02-19T21:31:19 GMT" duration-ms="10256" status="PASS">
          <params>
            <param index="0">
              <value>
                <![CDATA[chrome]]>
              </value>
            </param>
          </params>
          <reporter-output>
          </reporter-output>
        </test-method> <!-- initialiseBrowser -->
        <test-method signature="verifyUserCanSearchSubCategoryList()[pri:0, instance:testscript.SubCategoryTest@5a709816]" started-at="2025-02-19T21:31:19 GMT" name="verifyUserCanSearchSubCategoryList" finished-at="2025-02-19T21:31:40 GMT" duration-ms="20473" status="PASS">
          <reporter-output>
          </reporter-output>
        </test-method> <!-- verifyUserCanSearchSubCategoryList -->
        <test-method is-config="true" signature="driverQuit(org.testng.ITestResult)[pri:0, instance:testscript.SubCategoryTest@5a709816]" started-at="2025-02-19T21:31:40 GMT" name="driverQuit" finished-at="2025-02-19T21:31:40 GMT" duration-ms="4" status="PASS">
          <params>
            <param index="0">
              <value>
                <![CDATA[[TestResult name=verifyUserCanSearchSubCategoryList status=SUCCESS method=SubCategoryTest.verifyUserCanSearchSubCategoryList()[pri:0, instance:testscript.SubCategoryTest@5a709816] output={null}]]]>
              </value>
            </param>
          </params>
          <reporter-output>
          </reporter-output>
        </test-method> <!-- driverQuit -->
      </class> <!-- testscript.SubCategoryTest -->
      <class name="testscript.ManageNewsTest">
        <test-method is-config="true" signature="initialiseBrowser(java.lang.String)[pri:0, instance:testscript.ManageNewsTest@46dffdc3]" started-at="2025-02-19T21:29:27 GMT" name="initialiseBrowser" finished-at="2025-02-19T21:29:33 GMT" duration-ms="5855" status="PASS">
          <params>
            <param index="0">
              <value>
                <![CDATA[chrome]]>
              </value>
            </param>
          </params>
          <reporter-output>
          </reporter-output>
        </test-method> <!-- initialiseBrowser -->
        <test-method signature="verifyUserCanAddNewManageNews()[pri:0, instance:testscript.ManageNewsTest@46dffdc3]" started-at="2025-02-19T21:29:33 GMT" name="verifyUserCanAddNewManageNews" finished-at="2025-02-19T21:29:37 GMT" duration-ms="4595" status="PASS">
          <reporter-output>
          </reporter-output>
        </test-method> <!-- verifyUserCanAddNewManageNews -->
        <test-method is-config="true" signature="driverQuit(org.testng.ITestResult)[pri:0, instance:testscript.ManageNewsTest@46dffdc3]" started-at="2025-02-19T21:29:37 GMT" name="driverQuit" finished-at="2025-02-19T21:29:37 GMT" duration-ms="2" status="PASS">
          <params>
            <param index="0">
              <value>
                <![CDATA[[TestResult name=verifyUserCanAddNewManageNews status=SUCCESS method=ManageNewsTest.verifyUserCanAddNewManageNews()[pri:0, instance:testscript.ManageNewsTest@46dffdc3] output={null}]]]>
              </value>
            </param>
          </params>
          <reporter-output>
          </reporter-output>
        </test-method> <!-- driverQuit -->
        <test-method is-config="true" signature="initialiseBrowser(java.lang.String)[pri:0, instance:testscript.ManageNewsTest@46dffdc3]" started-at="2025-02-19T21:29:37 GMT" name="initialiseBrowser" finished-at="2025-02-19T21:29:47 GMT" duration-ms="9893" status="PASS">
          <params>
            <param index="0">
              <value>
                <![CDATA[chrome]]>
              </value>
            </param>
          </params>
          <reporter-output>
          </reporter-output>
        </test-method> <!-- initialiseBrowser -->
        <test-method signature="verifyUserCanEditManageNews()[pri:0, instance:testscript.ManageNewsTest@46dffdc3]" started-at="2025-02-19T21:29:47 GMT" name="verifyUserCanEditManageNews" finished-at="2025-02-19T21:30:05 GMT" duration-ms="18361" status="PASS">
          <reporter-output>
          </reporter-output>
        </test-method> <!-- verifyUserCanEditManageNews -->
        <test-method is-config="true" signature="driverQuit(org.testng.ITestResult)[pri:0, instance:testscript.ManageNewsTest@46dffdc3]" started-at="2025-02-19T21:30:05 GMT" name="driverQuit" finished-at="2025-02-19T21:30:05 GMT" duration-ms="0" status="PASS">
          <params>
            <param index="0">
              <value>
                <![CDATA[[TestResult name=verifyUserCanEditManageNews status=SUCCESS method=ManageNewsTest.verifyUserCanEditManageNews()[pri:0, instance:testscript.ManageNewsTest@46dffdc3] output={null}]]]>
              </value>
            </param>
          </params>
          <reporter-output>
          </reporter-output>
        </test-method> <!-- driverQuit -->
        <test-method is-config="true" signature="initialiseBrowser(java.lang.String)[pri:0, instance:testscript.ManageNewsTest@46dffdc3]" started-at="2025-02-19T21:30:06 GMT" name="initialiseBrowser" finished-at="2025-02-19T21:30:15 GMT" duration-ms="9538" status="PASS">
          <params>
            <param index="0">
              <value>
                <![CDATA[chrome]]>
              </value>
            </param>
          </params>
          <reporter-output>
          </reporter-output>
        </test-method> <!-- initialiseBrowser -->
        <test-method signature="verifyUserCanSearchWithInvalidManageNews()[pri:0, instance:testscript.ManageNewsTest@46dffdc3]" started-at="2025-02-19T21:30:15 GMT" name="verifyUserCanSearchWithInvalidManageNews" finished-at="2025-02-19T21:30:20 GMT" duration-ms="4914" status="PASS">
          <reporter-output>
          </reporter-output>
        </test-method> <!-- verifyUserCanSearchWithInvalidManageNews -->
        <test-method is-config="true" signature="driverQuit(org.testng.ITestResult)[pri:0, instance:testscript.ManageNewsTest@46dffdc3]" started-at="2025-02-19T21:30:20 GMT" name="driverQuit" finished-at="2025-02-19T21:30:20 GMT" duration-ms="1" status="PASS">
          <params>
            <param index="0">
              <value>
                <![CDATA[[TestResult name=verifyUserCanSearchWithInvalidManageNews status=SUCCESS method=ManageNewsTest.verifyUserCanSearchWithInvalidManageNews()[pri:0, instance:testscript.ManageNewsTest@46dffdc3] output={null}]]]>
              </value>
            </param>
          </params>
          <reporter-output>
          </reporter-output>
        </test-method> <!-- driverQuit -->
        <test-method is-config="true" signature="initialiseBrowser(java.lang.String)[pri:0, instance:testscript.ManageNewsTest@46dffdc3]" started-at="2025-02-19T21:30:20 GMT" name="initialiseBrowser" finished-at="2025-02-19T21:30:28 GMT" duration-ms="8164" status="PASS">
          <params>
            <param index="0">
              <value>
                <![CDATA[chrome]]>
              </value>
            </param>
          </params>
          <reporter-output>
          </reporter-output>
        </test-method> <!-- initialiseBrowser -->
        <test-method signature="verifyUserCanSearchWithValidManageNews()[pri:0, instance:testscript.ManageNewsTest@46dffdc3]" started-at="2025-02-19T21:30:28 GMT" name="verifyUserCanSearchWithValidManageNews" finished-at="2025-02-19T21:30:32 GMT" duration-ms="4148" status="PASS">
          <reporter-output>
          </reporter-output>
        </test-method> <!-- verifyUserCanSearchWithValidManageNews -->
        <test-method is-config="true" signature="driverQuit(org.testng.ITestResult)[pri:0, instance:testscript.ManageNewsTest@46dffdc3]" started-at="2025-02-19T21:30:32 GMT" name="driverQuit" finished-at="2025-02-19T21:30:32 GMT" duration-ms="2" status="PASS">
          <params>
            <param index="0">
              <value>
                <![CDATA[[TestResult name=verifyUserCanSearchWithValidManageNews status=SUCCESS method=ManageNewsTest.verifyUserCanSearchWithValidManageNews()[pri:0, instance:testscript.ManageNewsTest@46dffdc3] output={null}]]]>
              </value>
            </param>
          </params>
          <reporter-output>
          </reporter-output>
        </test-method> <!-- driverQuit -->
      </class> <!-- testscript.ManageNewsTest -->
      <class name="testscript.CategoryTest">
        <test-method is-config="true" signature="initialiseBrowser(java.lang.String)[pri:0, instance:testscript.CategoryTest@16414e40]" started-at="2025-02-19T21:28:27 GMT" name="initialiseBrowser" finished-at="2025-02-19T21:28:33 GMT" duration-ms="5698" status="PASS">
          <params>
            <param index="0">
              <value>
                <![CDATA[chrome]]>
              </value>
            </param>
          </params>
          <reporter-output>
          </reporter-output>
        </test-method> <!-- initialiseBrowser -->
        <test-method signature="verifyUserCanEditCategoryAndUploadImage()[pri:0, instance:testscript.CategoryTest@16414e40]" started-at="2025-02-19T21:28:33 GMT" name="verifyUserCanEditCategoryAndUploadImage" finished-at="2025-02-19T21:28:39 GMT" duration-ms="5989" status="PASS">
          <reporter-output>
          </reporter-output>
        </test-method> <!-- verifyUserCanEditCategoryAndUploadImage -->
        <test-method is-config="true" signature="driverQuit(org.testng.ITestResult)[pri:0, instance:testscript.CategoryTest@16414e40]" started-at="2025-02-19T21:28:39 GMT" name="driverQuit" finished-at="2025-02-19T21:28:39 GMT" duration-ms="1" status="PASS">
          <params>
            <param index="0">
              <value>
                <![CDATA[[TestResult name=verifyUserCanEditCategoryAndUploadImage status=SUCCESS method=CategoryTest.verifyUserCanEditCategoryAndUploadImage()[pri:0, instance:testscript.CategoryTest@16414e40] output={null}]]]>
              </value>
            </param>
          </params>
          <reporter-output>
          </reporter-output>
        </test-method> <!-- driverQuit -->
        <test-method is-config="true" signature="initialiseBrowser(java.lang.String)[pri:0, instance:testscript.CategoryTest@16414e40]" started-at="2025-02-19T21:28:39 GMT" name="initialiseBrowser" finished-at="2025-02-19T21:28:45 GMT" duration-ms="6632" status="PASS">
          <params>
            <param index="0">
              <value>
                <![CDATA[chrome]]>
              </value>
            </param>
          </params>
          <reporter-output>
          </reporter-output>
        </test-method> <!-- initialiseBrowser -->
        <test-method signature="verifyUserCanSearchCategory()[pri:0, instance:testscript.CategoryTest@16414e40]" started-at="2025-02-19T21:28:45 GMT" name="verifyUserCanSearchCategory" finished-at="2025-02-19T21:28:53 GMT" duration-ms="8032" status="PASS">
          <reporter-output>
          </reporter-output>
        </test-method> <!-- verifyUserCanSearchCategory -->
        <test-method is-config="true" signature="driverQuit(org.testng.ITestResult)[pri:0, instance:testscript.CategoryTest@16414e40]" started-at="2025-02-19T21:28:53 GMT" name="driverQuit" finished-at="2025-02-19T21:28:53 GMT" duration-ms="2" status="PASS">
          <params>
            <param index="0">
              <value>
                <![CDATA[[TestResult name=verifyUserCanSearchCategory status=SUCCESS method=CategoryTest.verifyUserCanSearchCategory()[pri:0, instance:testscript.CategoryTest@16414e40] output={null}]]]>
              </value>
            </param>
          </params>
          <reporter-output>
          </reporter-output>
        </test-method> <!-- driverQuit -->
      </class> <!-- testscript.CategoryTest -->
      <class name="testscript.ManageContactTest">
        <test-method is-config="true" signature="initialiseBrowser(java.lang.String)[pri:0, instance:testscript.ManageContactTest@74bada02]" started-at="2025-02-19T21:28:53 GMT" name="initialiseBrowser" finished-at="2025-02-19T21:29:05 GMT" duration-ms="11557" status="PASS">
          <params>
            <param index="0">
              <value>
                <![CDATA[chrome]]>
              </value>
            </param>
          </params>
          <reporter-output>
          </reporter-output>
        </test-method> <!-- initialiseBrowser -->
        <test-method signature="verifyTheUserCanEditTheManageContact()[pri:0, instance:testscript.ManageContactTest@74bada02]" started-at="2025-02-19T21:29:05 GMT" name="verifyTheUserCanEditTheManageContact" finished-at="2025-02-19T21:29:12 GMT" duration-ms="6687" status="PASS">
          <reporter-output>
          </reporter-output>
        </test-method> <!-- verifyTheUserCanEditTheManageContact -->
        <test-method is-config="true" signature="driverQuit(org.testng.ITestResult)[pri:0, instance:testscript.ManageContactTest@74bada02]" started-at="2025-02-19T21:29:12 GMT" name="driverQuit" finished-at="2025-02-19T21:29:12 GMT" duration-ms="2" status="PASS">
          <params>
            <param index="0">
              <value>
                <![CDATA[[TestResult name=verifyTheUserCanEditTheManageContact status=SUCCESS method=ManageContactTest.verifyTheUserCanEditTheManageContact()[pri:0, instance:testscript.ManageContactTest@74bada02] output={null}]]]>
              </value>
            </param>
          </params>
          <reporter-output>
          </reporter-output>
        </test-method> <!-- driverQuit -->
      </class> <!-- testscript.ManageContactTest -->
      <class name="testscript.ManageFooterTextTest">
        <test-method is-config="true" signature="initialiseBrowser(java.lang.String)[pri:0, instance:testscript.ManageFooterTextTest@525575]" started-at="2025-02-19T21:29:12 GMT" name="initialiseBrowser" finished-at="2025-02-19T21:29:20 GMT" duration-ms="8042" status="PASS">
          <params>
            <param index="0">
              <value>
                <![CDATA[chrome]]>
              </value>
            </param>
          </params>
          <reporter-output>
          </reporter-output>
        </test-method> <!-- initialiseBrowser -->
        <test-method signature="verifyUserCanEditFooterText()[pri:0, instance:testscript.ManageFooterTextTest@525575]" started-at="2025-02-19T21:29:20 GMT" name="verifyUserCanEditFooterText" finished-at="2025-02-19T21:29:27 GMT" duration-ms="6823" status="PASS">
          <reporter-output>
          </reporter-output>
        </test-method> <!-- verifyUserCanEditFooterText -->
        <test-method is-config="true" signature="driverQuit(org.testng.ITestResult)[pri:0, instance:testscript.ManageFooterTextTest@525575]" started-at="2025-02-19T21:29:27 GMT" name="driverQuit" finished-at="2025-02-19T21:29:27 GMT" duration-ms="2" status="PASS">
          <params>
            <param index="0">
              <value>
                <![CDATA[[TestResult name=verifyUserCanEditFooterText status=SUCCESS method=ManageFooterTextTest.verifyUserCanEditFooterText()[pri:0, instance:testscript.ManageFooterTextTest@525575] output={null}]]]>
              </value>
            </param>
          </params>
          <reporter-output>
          </reporter-output>
        </test-method> <!-- driverQuit -->
      </class> <!-- testscript.ManageFooterTextTest -->
      <class name="testscript.LoginTest">
        <test-method is-config="true" signature="initialiseBrowser(java.lang.String)[pri:0, instance:testscript.LoginTest@5e4bd84a]" started-at="2025-02-19T21:28:16 GMT" name="initialiseBrowser" finished-at="2025-02-19T21:28:23 GMT" duration-ms="6903" status="PASS">
          <params>
            <param index="0">
              <value>
                <![CDATA[chrome]]>
              </value>
            </param>
          </params>
          <reporter-output>
          </reporter-output>
        </test-method> <!-- initialiseBrowser -->
        <test-method signature="verifyUserLoginWithValidUsernameAndValidPassword()[pri:0, instance:testscript.LoginTest@5e4bd84a]" started-at="2025-02-19T21:28:23 GMT" name="verifyUserLoginWithValidUsernameAndValidPassword" finished-at="2025-02-19T21:28:27 GMT" duration-ms="4399" status="PASS">
          <reporter-output>
          </reporter-output>
        </test-method> <!-- verifyUserLoginWithValidUsernameAndValidPassword -->
        <test-method is-config="true" signature="driverQuit(org.testng.ITestResult)[pri:0, instance:testscript.LoginTest@5e4bd84a]" started-at="2025-02-19T21:28:27 GMT" name="driverQuit" finished-at="2025-02-19T21:28:27 GMT" duration-ms="4" status="PASS">
          <params>
            <param index="0">
              <value>
                <![CDATA[[TestResult name=verifyUserLoginWithValidUsernameAndValidPassword status=SUCCESS method=LoginTest.verifyUserLoginWithValidUsernameAndValidPassword()[pri:0, instance:testscript.LoginTest@5e4bd84a] output={null}]]]>
              </value>
            </param>
          </params>
          <reporter-output>
          </reporter-output>
        </test-method> <!-- driverQuit -->
      </class> <!-- testscript.LoginTest -->
    </test> <!-- myTest -->
  </suite> <!-- myTestSuite -->
</testng-results>
