<?xml version="1.0" encoding="UTF-8"?>
<!-- Generated by org.testng.reporters.JUnitXMLReporter -->
<testsuite ignored="3" hostname="DESKTOP-SN0SFLR" failures="0" tests="13" name="myTest" time="204.03" errors="0" timestamp="2025-02-19T21:31:42 GMT">
  <testcase classname="testscript.LoginTest" name="verifyUserLoginWithValidUsernameAndValidPassword" time="4.399"/>
  <testcase classname="testscript.CategoryTest" name="verifyUserCanEditCategoryAndUploadImage" time="5.989"/>
  <testcase classname="testscript.CategoryTest" name="verifyUserCanSearchCategory" time="8.032"/>
  <testcase classname="testscript.ManageContactTest" name="verifyTheUserCanEditTheManageContact" time="6.687"/>
  <testcase classname="testscript.ManageFooterTextTest" name="verifyUserCanEditFooterText" time="6.823"/>
  <testcase classname="testscript.ManageNewsTest" name="verifyUserCanAddNewManageNews" time="4.595"/>
  <testcase classname="testscript.ManageNewsTest" name="verifyUserCanEditManageNews" time="18.361"/>
  <testcase classname="testscript.ManageNewsTest" name="verifyUserCanSearchWithInvalidManageNews" time="4.914"/>
  <testcase classname="testscript.ManageNewsTest" name="verifyUserCanSearchWithValidManageNews" time="4.148"/>
  <testcase classname="testscript.SubCategoryTest" name="verifyAddNewSubcategorywithValidDetails" time="5.76"/>
  <testcase classname="testscript.SubCategoryTest" name="verifyUserCanChangeTheSubcategoryStatus" time="4.722"/>
  <testcase classname="testscript.SubCategoryTest" name="verifyUserCanDeletSubcategory" time="6.735"/>
  <testcase classname="testscript.SubCategoryTest" name="verifyUserCanSearchSubCategoryList" time="20.473"/>
  <testcase classname="testscript.LoginTest" name="verifyUserLoginWithInvalidUsernameAndValidPassword" time="0.0">
    <ignored/>
  </testcase> <!-- verifyUserLoginWithInvalidUsernameAndValidPassword -->
  <testcase classname="testscript.LoginTest" name="verifyUserLoginWithValidUsernameAndInvalidPassword" time="0.0">
    <ignored/>
  </testcase> <!-- verifyUserLoginWithValidUsernameAndInvalidPassword -->
  <testcase classname="testscript.LoginTest" name="verifyUserLoginWithInvalidUsernameAndInvalidPassword" time="0.0">
    <ignored/>
  </testcase> <!-- verifyUserLoginWithInvalidUsernameAndInvalidPassword -->
</testsuite> <!-- myTest -->
